Resolving dependencies...
Downloading packages...
  geocoding_android 4.0.1 (5.0.0 available)
  geocoding_platform_interface 3.2.0 (5.0.0 available)
  matcher 0.12.18 (0.12.19 available)
  meta 1.17.0 (1.18.1 available)
  shared_preferences_android 2.4.20 (2.4.21 available)
  test_api 0.7.9 (0.7.10 available)
  win32 5.15.0 (6.0.0 available)
Got dependencies!
7 packages have newer versions incompatible with dependency constraints.
Try `flutter pub outdated` for more information.
Launching lib/main.dart on Chrome in debug mode...
Waiting for connection from debug service on Chrome...              8.0s

Flutter run key commands.
r Hot reload. 🔥🔥🔥
R Hot restart.
h List all available interactive commands.
d Detach (terminate "flutter run" but leave application running).
c Clear the screen
q Quit (terminate the application on the device).

Debug service listening on ws://127.0.0.1:51452/cnM_r83MM1k=/ws
A Dart VM Service on Chrome is available at: http://127.0.0.1:51452/cnM_r83MM1k=
The Flutter DevTools debugger and profiler on Chrome is available at: http://127.0.0.1:51452/cnM_r83MM1k=/devtools/?uri=ws://127.0.0.1:51452/cnM_r83MM1k=/ws
Starting application from main method in: org-dartlang-app:/web_entrypoint.dart.
Starting application from main method in: org-dartlang-app:/web_entrypoint.dart.
